================================================================
038 APPLY — STAGING (hwiatgicyyqyezqwldia) — 2026-06-19
RESULTADO: BLOQUEADO. NO se aplicó. Sin mutaciones en la base.
================================================================

Entorno verificado ANTES de tocar nada:
- supabase CLI: 2.105.0
- proyecto linkeado (supabase/.temp/project-ref): hwiatgicyyqyezqwldia  → STAGING ✓ (NO prod yiczgdtirrkdvohdquzf)
- pooler-url (supabase/.temp/pooler-url): postgresql://postgres.hwiatgicyyqyezqwldia@aws-1-us-east-1.pooler.supabase.com:5432/postgres  (sin password embebido)
- psql instalado: NO
- SUPABASE_DB_PASSWORD en env: NO

----------------------------------------------------------------
PASO 1 (read-only) — supabase migration list --linked
----------------------------------------------------------------
Local 038 figura SIN par en Remote → 038 es la única migración local pendiente de aplicar.
PERO el remoto tiene migraciones que el local NO tiene:
  - 035  (vive solo en la rama propina-pool, sin merge a staging; es la integración propina→pool = PLATA)
  - 009  (fantasma de ordenamiento por el baseline 0095_drift_baseline; aparece desalineado)

Extracto relevante (Local | Remote | Time):
   034   | 034    | 034
         | 035    | 035        <-- remoto tiene 035, local no
   036   | 036    | 036
   037   | 037    | 037
   038   |        | 038        <-- local tiene 038, remoto no (lo que queremos aplicar)

----------------------------------------------------------------
PASO 2 (read-only) — supabase db push --linked --dry-run
----------------------------------------------------------------
Salida:
  Initialising login role...
  DRY RUN: migrations will *not* be pushed to the database.
  Connecting to remote database...
  Remote migration versions not found in local migrations directory.

  Make sure your local git repo is up-to-date. If the error persists, try repairing the migration history table:
  supabase migration repair --status reverted 009 035

  And update local migrations to match remote database:
  supabase db pull

=> db push se NIEGA a proceder porque el historial diverge (remoto 009/035 no están en local).
   El chequeo de consistencia ocurre ANTES de aplicar cualquier migración → no hubo ninguna mutación.

----------------------------------------------------------------
PASO 3 — ¿hay forma de aplicar SOLO 038 sin tocar el historial?
----------------------------------------------------------------
- supabase db push --help: la única bandera relacionada es --include-all (incluye migraciones locales
  no presentes en remoto). NO resuelve el bloqueo, que es el caso inverso (remoto-no-en-local). No hay
  bandera para saltar el chequeo de consistencia.
- Apply directo del SQL de 038 (psql / db-url): NO posible — no hay psql ni password de la DB de staging.

----------------------------------------------------------------
POR QUÉ NO EJECUTÉ LA REMEDIACIÓN QUE SUGIERE EL CLI
----------------------------------------------------------------
`supabase migration repair --status reverted 009 035` marcaría 009 y 035 como REVERTIDAS en el historial
remoto. Pero 035 SÍ está aplicada en staging (es la migración de propina→pool, PLATA). Reescribir el
historial / marcar como revertida una migración de plata aplicada es:
  (a) riesgoso (deja el historial mintiendo sobre el estado real),
  (b) fuera del alcance de esta tarea,
  (c) contrario al guardrail de no tocar lo de plata ni "mejorar" estado existente.
`supabase db pull` tampoco: traería esquema remoto al repo, fuera de alcance.

----------------------------------------------------------------
QUÉ NECESITA UN HUMANO PARA DESBLOQUEAR (elegir UNA, con criterio):
----------------------------------------------------------------
OPCIÓN A (recomendada, mínima): aplicar SOLO el SQL de 038 por fuera de db push:
   - Dashboard de Supabase STAGING → SQL Editor → pegar supabase/migrations/038_bandeja_fusion.sql
     (es ADITIVA e IDEMPOTENTE) → Run. Luego registrar en historial:
     supabase migration repair --status applied 038   (esto sí es honesto: 038 quedó aplicada).
   - O dar el password de la DB de staging para aplicar 038 vía `psql "<conn>" -f .../038...sql`.
OPCIÓN B: decidir explícitamente sobre el historial 009/035 (¿035 debe seguir en staging? viene de
   propina-pool sin merge) y, con esa decisión tomada por la dueña, recién ahí usar db push.

Tras aplicar 038, regenerar tipos: `supabase gen types typescript --linked > src/shared/types/supabase.gen.ts`
y verificar: columnas cash_movements.factura_verified_by/at, policy cash_movements_contador_insert,
función mark_factura_verified.

================================================================
FIN. Estado de la base de STAGING: SIN CAMBIOS (no se aplicó 038).
================================================================

================================================================
INTENTO 2 — 2026-06-19 (dueña FIRMÓ, autoriza aplicar 038) — PARADO: falta connection string
================================================================
Chequeo de seguridad: proyecto linkeado = hwiatgicyyqyezqwldia (STAGING) ✓  (NO prod yiczgdtirrkdvohdquzf)

Búsqueda de la connection string de STAGING (sin adivinar):
- supabase/.temp/pooler-url: postgresql://postgres.hwiatgicyyqyezqwldia@aws-1-us-east-1.pooler.supabase.com:5432/postgres  → SIN password.
- .env.local: solo VITE_SUPABASE_URL / VITE_SUPABASE_ANON_KEY / VITE_APP_ENV (claves de frontend, no password de DB).
- supabase/config.toml: sin bloque [db] de conexión remota.
- ~/.supabase, ~/.pgpass: sin password.
- grep de 'postgres://user:pass@' en repo + dotfiles: sin resultados.
- psql / libpq instalado: NO.

Por qué no avancé:
- No hay password de la DB de staging en el entorno → no puedo construir la conexión psql sin adivinar.
- `supabase db push` está PROHIBIDO por la tarea (y bloqueado por historial 035/009).
- No existe en el CLI 2.105 un comando para correr un .sql suelto contra el remoto sin db push.
- La password de DB NO se puede recuperar por API (Supabase solo permite RESETEARLA, no leerla).
- NO toqué el historial (009/035) ni ejecuté repair. NO adiviné credenciales. La base de STAGING quedó SIN cambios.

QUÉ NECESITO DE UN HUMANO (una de las dos):
  A) La connection string de la DB de STAGING con password, formato:
     postgresql://postgres.hwiatgicyyqyezqwldia:<DB_PASSWORD>@aws-1-us-east-1.pooler.supabase.com:5432/postgres
     (o solo el <DB_PASSWORD> de la base de staging). Con eso instalo libpq y aplico 038 por psql.
  B) Alternativa sin pasarme la password: aplicar el SQL de supabase/migrations/038_bandeja_fusion.sql
     desde el dashboard de STAGING → SQL Editor (es aditiva e idempotente). Yo después corro
     `supabase migration repair --status applied 038`, regenero tipos y verifico.

Estado: 038 NO aplicada. Sin mutaciones en la base.
================================================================

================================================================
INTENTO 3 — 2026-06-19 — 038 APLICADA (por la dueña vía SQL Editor) + cierre por CLI
================================================================
La dueña aplicó el SQL de supabase/migrations/038_bandeja_fusion.sql en STAGING vía SQL Editor → Success.
Yo cerré los pasos restantes (NO usé db push; NO toqué el historial 009/035):

1) supabase migration repair --status applied 038
   → "Repaired migration history: [038] => applied". (Solo 038.)
   migration list confirma: 038 | 038 | 038 (local+remote). 009/035 SIN cambios (035 sigue remote-only).

2) supabase gen types --linked --lang=typescript → src/shared/types/supabase.gen.ts (regenerado del esquema VIVO).
   Build TS strict: verde.

3) VERIFICACIÓN de los objetos de 038 (leída del esquema vivo vía los tipos regenerados):
   - columna cash_movements.factura_verified_by  → PRESENTE (Row/Insert/Update + FK cash_movements_factura_verified_by_fkey → profiles).
   - columna cash_movements.factura_verified_at   → PRESENTE (Row/Insert/Update).
   - función public.mark_factura_verified(uuid)    → PRESENTE (sección Functions de los tipos; SECURITY DEFINER, granted a authenticated).
   - policy cash_movements_contador_insert         → es parte del MISMO archivo 038 que corrió con Success (drop if exists + create,
     idempotente). Las policies RLS NO aparecen en los tipos generados, así que no se pudo consultar pg_policies de forma
     independiente desde este shell (no hay psql ni $STAGING_DB_URL disponible). Evidencia: columnas+función del mismo archivo
     confirmadas en el esquema vivo + Success reportado por la dueña. Para verificación directa de la policy:
       select polname from pg_policies where tablename='cash_movements' and polname='cash_movements_contador_insert';

4) ESTADO de los dos caminos que estaban apagados (gating a nivel DB removido):
   - Botón "✓ Verificar" (FacturaVerify) → llamaba a RPC mark_factura_verified, que ANTES no existía (fallaba). Ahora la función
     EXISTE y está granted a authenticated → el RPC responde. Camino ENCENDIDO a nivel DB.
   - Contador registra egresos NO-efectivo desde la Bandeja → ANTES bloqueado por RLS (no había policy de INSERT para contador).
     La policy cash_movements_contador_insert (WITH CHECK: rol contador · método≠Efectivo · pendiente o caja Banco) está en el
     archivo aplicado → el INSERT del contador ya pasa el RLS. Camino ENCENDIDO a nivel DB.
   (La prueba física de click en la app la hace la dueña; acá se confirma que el bloqueo de esquema/RLS ya no está.)

Estado: 038 APLICADA y registrada en el historial. Tipos regenerados y commiteados a staging.
================================================================
